GROUP,PACKAGE,CLASS,INSTRUCTION_MISSED,INSTRUCTION_COVERED,BRANCH_MISSED,BRANCH_COVERED,LINE_MISSED,LINE_COVERED,COMPLEXITY_MISSED,COMPLEXITY_COVERED,METHOD_MISSED,METHOD_COVERED
jTimeSched -- Time tracking application,de.dominik_geyer.jtimesched.misc,PlainTextFormatter,0,33,0,0,0,6,0,2,0,2
jTimeSched -- Time tracking application,de.dominik_geyer.jtimesched,JTimeSchedApp.new Thread() {...},12,24,0,0,2,6,0,2,0,2
jTimeSched -- Time tracking application,de.dominik_geyer.jtimesched,JTimeSchedApp,38,76,6,4,11,21,5,5,0,5
jTimeSched -- Time tracking application,de.dominik_geyer.jtimesched.project,ProjectTime,0,95,0,4,0,15,0,6,0,4
jTimeSched -- Time tracking application,de.dominik_geyer.jtimesched.project,ProjectSerializer,0,535,0,28,0,116,0,22,0,8
jTimeSched -- Time tracking application,de.dominik_geyer.jtimesched.project,ProjectException,0,4,0,0,0,2,0,1,0,1
jTimeSched -- Time tracking application,de.dominik_geyer.jtimesched.project,ProjectTableModel,3,388,0,40,2,87,0,38,0,11
jTimeSched -- Time tracking application,de.dominik_geyer.jtimesched.project,Project,0,303,0,22,0,94,0,42,0,31
