<?xml version="1.0" encoding="UTF-8" standalone="yes"?><!DOCTYPE report PUBLIC "-//JACOCO//DTD Report 1.1//EN" "report.dtd"><report name="jpacman-framework"><sessioninfo id="Paulinho-31429683" start="1664118219717" dump="1664118223396"/><sessioninfo id="Paulinho-39fd9681" start="1664119238763" dump="1664119241595"/><sessioninfo id="Paulinho-6b35a4e3" start="1664119464787" dump="1664119467819"/><sessioninfo id="Paulinho-249d7343" start="1664119889136" dump="1664119892758"/><sessioninfo id="Paulinho-92edca6d" start="1664120108758" dump="1664120111500"/><sessioninfo id="Paulinho-bc70fcb9" start="1664120452011" dump="1664120454713"/><sessioninfo id="Paulinho-9c488a78" start="1664120654778" dump="1664120657554"/></report>